============================================================
? ORQUESTRADOR PRINCIPAL - Sistema Distribuído
? Modo: INTERFACE GRÁFICA com Backup Automático
? Porta: 50050
============================================================
[09:36:29] Iniciando Orquestrador Principal...
[09:36:32] Iniciando processo do Orquestrador de Backup...
[09:36:32] Processo de backup iniciado com sucesso
[09:36:32] Log do backup: C:\Users\guidi\IdeaProjects\PlataformaDeTarefa - Copia\orquestrador\logs\backup-1758976592465.log
[09:36:32] Interface gráfica inicializada com sucesso
? Sistema iniciado limpo (sem dados simulados)
Iniciando serviços do orquestrador...
ATIVANDO MODO PRIMÁRIO...
? Orquestrador ATIVO na porta 50050
? Aguardando conexões de workers e clientes
? Sistema pronto para processar tarefas
Servidor gRPC iniciado na porta 50050
[Clock: 9] NOVO WORKER conectado: localhost:50051
Workers ativos: 1 | Tarefas no sistema: 0
Workers ativos: 1 | Tarefas no sistema: 0
Workers ativos: 1 | Tarefas no sistema: 0
Workers ativos: 1 | Tarefas no sistema: 0
Workers ativos: 1 | Tarefas no sistema: 0
Workers ativos: 1 | Tarefas no sistema: 0
Workers ativos: 1 | Tarefas no sistema: 0
Workers ativos: 1 | Tarefas no sistema: 0
Workers ativos: 1 | Tarefas no sistema: 0
Workers ativos: 1 | Tarefas no sistema: 0
Workers ativos: 1 | Tarefas no sistema: 0
Workers ativos: 1 | Tarefas no sistema: 0
Workers ativos: 1 | Tarefas no sistema: 0
Login bem-sucedido - Usuário: user1 | Token: c4cd7555...
Cliente inscrito para atualizações: user1
Workers ativos: 1 | Tarefas no sistema: 0
[Clock: 31] NOVA TAREFA recebida de user1
  ? ID: fba4e6fa-5c76-406d-88ff-aa964893495a
  ? Descrição: [NORMAL] ebeebebrer: berberb
  ? Status: AGUARDANDO
Notificação enviada para user1 - Tarefa: fba4e6fa-5c76-406d-88ff-aa964893495a | Status: AGUARDANDO
[Clock: 32] DISTRIBUINDO tarefa fba4e6fa-5c76-406d-88ff-aa964893495a para worker: localhost:50051
Notificação enviada para user1 - Tarefa: fba4e6fa-5c76-406d-88ff-aa964893495a | Status: EXECUTANDO
Tarefa fba4e6fa-5c76-406d-88ff-aa964893495a ENVIADA com sucesso para localhost:50051
Workers ativos: 1 | Tarefas no sistema: 1
Workers ativos: 1 | Tarefas no sistema: 1
[Clock: 35] TAREFA CONCLUÍDA: fba4e6fa-5c76-406d-88ff-aa964893495a pelo worker localhost:50051
  ? Descrição: [NORMAL] ebeebebrer: berberb
  ? Usuário: user1
Notificação enviada para user1 - Tarefa: fba4e6fa-5c76-406d-88ff-aa964893495a | Status: CONCLUIDA
Workers ativos: 1 | Tarefas no sistema: 1
Workers ativos: 1 | Tarefas no sistema: 1
Workers ativos: 1 | Tarefas no sistema: 1
Workers ativos: 1 | Tarefas no sistema: 1
Workers ativos: 1 | Tarefas no sistema: 1
[09:39:06] Encerrando orquestrador...
Servidor parado e dados limpos
OrquestradorService desligado
[09:39:06] Orquestrador finalizado com sucesso
